<?xml version="1.0" encoding="UTF-8"?>
<!-- Generated by org.testng.reporters.JUnitReportReporter -->
<testsuite hostname="vishal" failures="0" tests="1" name="SearchFunctionality.SearchTest" time="6.067" errors="0" timestamp="2024-07-27T10:27:03 IST" skipped="0">
  <testcase classname="SearchFunctionality.SearchTest" name="verifySearchFunctionality" time="6.067"/>
  <system-out/>
</testsuite> <!-- SearchFunctionality.SearchTest -->
