<?xml version="1.0" encoding="UTF-8"?>
<!-- Generated by org.testng.reporters.JUnitReportReporter -->
<testsuite hostname="vishal" failures="0" tests="2" name="Add_to_Cart.NewTest" time="17.380" errors="0" timestamp="2024-07-27T10:27:03 IST" skipped="0">
  <testcase classname="Add_to_Cart.NewTest" name="login" time="9.722"/>
  <system-out/>
  <testcase classname="Add_to_Cart.NewTest" name="verifyAddToCart" time="7.658"/>
  <system-out/>
</testsuite> <!-- Add_to_Cart.NewTest -->
