<?xml version="1.0" encoding="UTF-8"?>
<!-- Generated by org.testng.reporters.JUnitReportReporter -->
<testsuite hostname="vishal" failures="0" tests="1" name="Compare_product.NewTest" time="13.913" errors="0" timestamp="2024-07-27T10:27:03 IST" skipped="0">
  <testcase classname="Compare_product.NewTest" name="verifyHomePageLoadsCorrectly" time="13.913"/>
  <system-out/>
</testsuite> <!-- Compare_product.NewTest -->
