<?xml version="1.0" encoding="UTF-8"?>
<!-- Generated by org.testng.reporters.JUnitReportReporter -->
<testsuite hostname="vishal" failures="0" tests="1" name="WishList_function.NewTest" time="11.790" errors="0" timestamp="2024-07-27T10:27:03 IST" skipped="0">
  <testcase classname="WishList_function.NewTest" name="verifyHomePageLoadsCorrectly" time="11.790"/>
  <system-out/>
</testsuite> <!-- WishList_function.NewTest -->
