<?xml version="1.0" encoding="UTF-8"?>
<!-- Generated by org.testng.reporters.JUnitReportReporter -->
<testsuite hostname="vishal" failures="0" tests="1" name="Category.CategoryTest" time="5.246" errors="0" timestamp="2024-07-27T10:27:03 IST" skipped="0">
  <testcase classname="Category.CategoryTest" name="verifyProductCategoriesAccessible" time="5.246"/>
  <system-out/>
</testsuite> <!-- Category.CategoryTest -->
