<?xml version="1.0" encoding="UTF-8"?>
<!-- Generated by org.testng.reporters.JUnitReportReporter -->
<testsuite hostname="vishal" failures="0" tests="1" name="Compare_product_remove.NewTest" time="19.014" errors="0" timestamp="2024-07-27T10:27:03 IST" skipped="0">
  <testcase classname="Compare_product_remove.NewTest" name="verifyHomePageLoadsCorrectly" time="19.014"/>
  <system-out/>
</testsuite> <!-- Compare_product_remove.NewTest -->
