<?xml version="1.0" encoding="UTF-8"?>
<!-- Generated by org.testng.reporters.JUnitReportReporter -->
<testsuite hostname="vishal" failures="0" tests="1" name="Remove_wishlist.NewTest" time="12.667" errors="0" timestamp="2024-07-27T10:27:03 IST" skipped="0">
  <testcase classname="Remove_wishlist.NewTest" name="verifyHomePageLoadsCorrectly" time="12.667"/>
  <system-out/>
</testsuite> <!-- Remove_wishlist.NewTest -->
