<?xml version="1.0" encoding="UTF-8"?>
<!-- Generated by org.testng.reporters.JUnitReportReporter -->
<testsuite hostname="vishal" failures="0" tests="2" name="Cart_Display.NewTest" time="15.158" errors="0" timestamp="2024-07-25T22:46:44 IST" skipped="0">
  <testcase classname="Cart_Display.NewTest" name="login" time="7.347"/>
  <system-out/>
  <testcase classname="Cart_Display.NewTest" name="verifyCartPageDisplaysProducts" time="7.811"/>
  <system-out/>
</testsuite> <!-- Cart_Display.NewTest -->
