<?xml version="1.0" encoding="UTF-8"?>
<!-- Generated by org.testng.reporters.JUnitReportReporter -->
<testsuite hostname="vishal" failures="0" tests="1" name="Address_Selection_Checkout.NewTest" time="26.409" errors="0" timestamp="2024-07-27T10:27:03 IST" skipped="0">
  <testcase classname="Address_Selection_Checkout.NewTest" name="verifyHomePageLoadsCorrectly" time="26.409"/>
  <system-out/>
</testsuite> <!-- Address_Selection_Checkout.NewTest -->
