<?xml version="1.0" encoding="UTF-8"?>
<!-- Generated by org.testng.reporters.JUnitReportReporter -->
<testsuite hostname="vishal" failures="0" tests="1" name="Creating_order.NewTest" time="32.004" errors="0" timestamp="2024-07-27T10:27:03 IST" skipped="0">
  <testcase classname="Creating_order.NewTest" name="f" time="32.004"/>
  <system-out/>
</testsuite> <!-- Creating_order.NewTest -->
