<?xml version="1.0" encoding="UTF-8"?>
<!-- Generated by org.testng.reporters.JUnitReportReporter -->
<testsuite hostname="vishal" failures="0" tests="1" name="AddingProduct_re.NewTest" time="18.467" errors="0" timestamp="2024-07-27T10:27:03 IST" skipped="0">
  <testcase classname="AddingProduct_re.NewTest" name="verifyHomePageLoadsCorrectly" time="18.467"/>
  <system-out/>
</testsuite> <!-- AddingProduct_re.NewTest -->
