<?xml version="1.0" encoding="UTF-8"?>
<!-- Generated by org.testng.reporters.JUnitReportReporter -->
<testsuite hostname="vishal" failures="0" tests="1" name="Verify_Hori_Vert.NewTest" time="7.860" errors="0" timestamp="2024-07-27T10:27:03 IST" skipped="0">
  <testcase classname="Verify_Hori_Vert.NewTest" name="verifyHomePageLoadsCorrectly" time="7.860"/>
  <system-out/>
</testsuite> <!-- Verify_Hori_Vert.NewTest -->
