<?xml version="1.0" encoding="UTF-8"?>
<!-- Generated by org.testng.reporters.JUnitReportReporter -->
<testsuite hostname="vishal" failures="0" tests="1" name="Product_page.NewTest" time="7.113" errors="0" timestamp="2024-07-27T10:27:03 IST" skipped="0">
  <testcase classname="Product_page.NewTest" name="verifyProductDetailPageDisplays" time="7.113"/>
  <system-out/>
</testsuite> <!-- Product_page.NewTest -->
