<?xml version="1.0" encoding="UTF-8"?>
<!-- Generated by org.testng.reporters.JUnitReportReporter -->
<testsuite hostname="vishal" failures="0" tests="1" name="Sort_price.NewTest" time="9.835" errors="0" timestamp="2024-07-27T10:27:03 IST" skipped="0">
  <testcase classname="Sort_price.NewTest" name="verifyHomePageLoadsCorrectly" time="9.835"/>
  <system-out/>
</testsuite> <!-- Sort_price.NewTest -->
