<?xml version="1.0" encoding="UTF-8"?>
<!-- Generated by org.testng.reporters.JUnitReportReporter -->
<testsuite hostname="vishal" failures="0" tests="1" name="Verify_forgetPass.NewTest" time="10.267" errors="0" timestamp="2024-07-27T10:27:03 IST" skipped="0">
  <testcase classname="Verify_forgetPass.NewTest" name="f" time="10.267"/>
  <system-out/>
</testsuite> <!-- Verify_forgetPass.NewTest -->
