<?xml version="1.0" encoding="UTF-8"?>
<!-- Generated by org.testng.reporters.JUnitReportReporter -->
<testsuite hostname="vishal" failures="0" tests="1" name="Filter_Options.NewTest" time="7.689" errors="0" timestamp="2024-07-27T10:27:03 IST" skipped="0">
  <testcase classname="Filter_Options.NewTest" name="verifyHomePageLoadsCorrectly" time="7.689"/>
  <system-out/>
</testsuite> <!-- Filter_Options.NewTest -->
