<?xml version="1.0" encoding="UTF-8"?>
<!-- Generated by org.testng.reporters.JUnitReportReporter -->
<testsuite hostname="vishal" failures="0" tests="1" name="Address.NewTest" time="20.702" errors="0" timestamp="2024-07-27T10:27:03 IST" skipped="0">
  <testcase classname="Address.NewTest" name="verifyHomePageLoadsCorrectly" time="20.702"/>
  <system-out/>
</testsuite> <!-- Address.NewTest -->
