<?xml version="1.0" encoding="UTF-8"?>
<!-- Generated by org.testng.reporters.JUnitReportReporter -->
<testsuite hostname="vishal" failures="0" tests="1" name="HOMEPAGE_LOAD.NewTest" time="4.657" errors="0" timestamp="2024-07-27T10:27:03 IST" skipped="0">
  <testcase classname="HOMEPAGE_LOAD.NewTest" name="verifyHomePageLoadsCorrectly" time="4.657"/>
  <system-out/>
</testsuite> <!-- HOMEPAGE_LOAD.NewTest -->
