<?xml version="1.0" encoding="UTF-8"?>
<!-- Generated by org.testng.reporters.JUnitReportReporter -->
<testsuite hostname="vishal" failures="0" tests="1" name="Verifying_posters.NewTest" time="6.038" errors="0" timestamp="2024-07-27T10:27:03 IST" skipped="0">
  <testcase classname="Verifying_posters.NewTest" name="f" time="6.038"/>
  <system-out/>
</testsuite> <!-- Verifying_posters.NewTest -->
